<?xml version="1.0" encoding="UTF-8"?>
<!-- Generated by org.testng.reporters.JUnitReportReporter -->
<testsuite hostname="Arun-Ma" failures="0" tests="1" name="rest_Logging.Log_Status" time="4.341" errors="0" timestamp="2022-02-02T12:54:51 IST" skipped="0">
  <testcase classname="rest_Logging.Log_Status" name="Log_Header" time="4.341"/>
  <system-out/>
</testsuite> <!-- rest_Logging.Log_Status -->
