<?xml version="1.0" encoding="UTF-8"?>
<!-- Generated by org.testng.reporters.JUnitReportReporter -->
<testsuite hostname="Arun-Ma" failures="0" tests="2" name="request_Parameters.Handling_Multiple_Parameters" time="8.490" errors="0" timestamp="2022-02-02T16:20:06 IST" skipped="0">
  <testcase classname="request_Parameters.Handling_Multiple_Parameters" name="Handle_Muliple_Parameters" time="6.369"/>
  <system-out/>
  <testcase classname="request_Parameters.Handling_Multiple_Parameters" name="Handle_Muliple_Parameters_Hashmap" time="2.121"/>
  <system-out/>
</testsuite> <!-- request_Parameters.Handling_Multiple_Parameters -->
