<?xml version="1.0" encoding="UTF-8"?>
<!-- Generated by org.testng.reporters.JUnitReportReporter -->
<testsuite hostname="Arun-Ma" failures="0" tests="1" name="post_put_delete.PUT_request_Using_JSON" time="5.016" errors="0" timestamp="2022-02-02T11:37:27 IST" skipped="0">
  <testcase classname="post_put_delete.PUT_request_Using_JSON" name="PUT_using_jason" time="5.016"/>
  <system-out/>
</testsuite> <!-- post_put_delete.PUT_request_Using_JSON -->
