<?xml version="1.0" encoding="UTF-8"?>
<!-- Generated by org.testng.reporters.JUnitReportReporter -->
<testsuite hostname="Arun-Ma" failures="0" tests="1" name="authentication_Auth.Authentication" time="11.363" errors="0" timestamp="2022-02-03T10:24:12 IST" skipped="0">
  <testcase classname="authentication_Auth.Authentication" name="Authentication_demo" time="11.363"/>
  <system-out/>
</testsuite> <!-- authentication_Auth.Authentication -->
