<?xml version="1.0" encoding="UTF-8"?>
<!-- Generated by org.testng.reporters.JUnitReportReporter -->
<testsuite hostname="Arun-Ma" failures="0" tests="1" name="rest_Logging.Log_Cookies_and_status" time="5.694" errors="0" timestamp="2022-02-02T12:53:20 IST" skipped="0">
  <testcase classname="rest_Logging.Log_Cookies_and_status" name="Log_Header" time="5.694"/>
  <system-out/>
</testsuite> <!-- rest_Logging.Log_Cookies_and_status -->
