<?xml version="1.0" encoding="UTF-8"?>
<!-- Generated by org.testng.reporters.JUnitReportReporter -->
<testsuite hostname="Arun-Ma" failures="0" tests="6" name="Basic.API.Assured.Basic.API.Assured.Get_Started" time="33.688" errors="0" timestamp="2022-02-01T21:41:55 IST" skipped="0">
  <testcase classname="Basic.API.Assured.Basic.API.Assured.Get_Started" name="Detailed_get_request" time="9.543"/>
  <system-out/>
  <testcase classname="Basic.API.Assured.Basic.API.Assured.Get_Started" name="Extract_Response_data" time="2.264"/>
  <system-out/>
  <testcase classname="Basic.API.Assured.Basic.API.Assured.Get_Started" name="Validating_xml_response" time="4.448"/>
  <system-out/>
  <testcase classname="Basic.API.Assured.Basic.API.Assured.Get_Started" name="Extract_Single_value_From_Response" time="8.322"/>
  <system-out/>
  <testcase classname="Basic.API.Assured.Basic.API.Assured.Get_Started" name="Simple_get_request" time="6.713"/>
  <system-out/>
  <testcase classname="Basic.API.Assured.Basic.API.Assured.Get_Started" name="Verifying_Status_Line" time="2.398"/>
  <system-out/>
</testsuite> <!-- Basic.API.Assured.Basic.API.Assured.Get_Started -->
