<?xml version="1.0" encoding="UTF-8"?>
<!-- Generated by org.testng.reporters.JUnitReportReporter -->
<testsuite hostname="Arun-Ma" failures="0" tests="1" name="request_Parameters.Path_Parameters" time="5.180" errors="0" timestamp="2022-02-02T16:45:44 IST" skipped="0">
  <testcase classname="request_Parameters.Path_Parameters" name="Path_Parameters" time="5.180"/>
  <system-out/>
</testsuite> <!-- request_Parameters.Path_Parameters -->
