<?xml version="1.0" encoding="UTF-8"?>
<!-- Generated by org.testng.reporters.JUnitReportReporter -->
<testsuite hostname="Arun-Ma" failures="0" tests="1" name="rest_Logging.Log_all_details" time="10.242" errors="0" timestamp="2022-02-09T10:54:22 IST" skipped="0">
  <testcase classname="rest_Logging.Log_all_details" name="Log_All_Details" time="10.242"/>
  <system-out/>
</testsuite> <!-- rest_Logging.Log_all_details -->
