<?xml version="1.0" encoding="UTF-8"?>
<!-- Generated by org.testng.reporters.JUnitReportReporter -->
<testsuite hostname="Arun-Ma" failures="0" tests="1" name="request_Parameters.Validating_Response_Header" time="4.903" errors="0" timestamp="2022-02-02T22:22:38 IST" skipped="0">
  <testcase classname="request_Parameters.Validating_Response_Header" name="Validating_Response_Header" time="4.903"/>
  <system-out/>
</testsuite> <!-- request_Parameters.Validating_Response_Header -->
