<?xml version="1.0" encoding="UTF-8"?>
<!-- Generated by org.testng.reporters.JUnitReportReporter -->
<testsuite hostname="Arun-Ma" failures="0" tests="1" name="rest_Logging.Log_error" time="4.674" errors="0" timestamp="2022-02-02T13:03:23 IST" skipped="0">
  <testcase classname="rest_Logging.Log_error" name="Log_Header" time="4.674"/>
  <system-out/>
</testsuite> <!-- rest_Logging.Log_error -->
