<?xml version="1.0" encoding="UTF-8"?>
<!-- Generated by org.testng.reporters.JUnitReportReporter -->
<testsuite hostname="Arun-Ma" failures="0" tests="1" name="xml_JSON_schema_validation.JSON_schema_validation" time="6.676" errors="0" timestamp="2022-02-13T16:07:48 IST" skipped="0">
  <testcase classname="xml_JSON_schema_validation.JSON_schema_validation" name="json_schema_validation" time="6.676"/>
  <system-out/>
</testsuite> <!-- xml_JSON_schema_validation.JSON_schema_validation -->
