<?xml version="1.0" encoding="UTF-8"?>
<!-- Generated by org.testng.reporters.JUnitReportReporter -->
<testsuite hostname="Arun-Ma" failures="0" tests="2" name="request_Parameters.Sending_Cookies" time="7.324" errors="0" timestamp="2022-02-02T22:13:56 IST" skipped="0">
  <testcase classname="request_Parameters.Sending_Cookies" name="Sending_cookies" time="5.164"/>
  <system-out/>
  <testcase classname="request_Parameters.Sending_Cookies" name="Sending_cookies_By_Builder" time="2.160"/>
  <system-out/>
</testsuite> <!-- request_Parameters.Sending_Cookies -->
