<?xml version="1.0" encoding="UTF-8"?>
<!-- Generated by org.testng.reporters.JUnitReportReporter -->
<testsuite hostname="Arun-Ma" failures="0" tests="1" name="rest_Logging.Rest_Logging" time="4.703" errors="0" timestamp="2022-02-02T12:25:45 IST" skipped="0">
  <testcase classname="rest_Logging.Rest_Logging" name="Log_All_Details" time="4.703"/>
  <system-out/>
</testsuite> <!-- rest_Logging.Rest_Logging -->
