<?xml version="1.0" encoding="UTF-8"?>
<!-- Generated by org.testng.reporters.JUnitReportReporter -->
<testsuite hostname="Arun-Ma" failures="0" tests="1" name="request_Parameters.Multi_Value_Parameters" time="4.681" errors="0" timestamp="2022-02-02T16:33:03 IST" skipped="0">
  <testcase classname="request_Parameters.Multi_Value_Parameters" name="Multi_Para" time="4.681"/>
  <system-out/>
</testsuite> <!-- request_Parameters.Multi_Value_Parameters -->
