<?xml version="1.0" encoding="UTF-8"?>
<!-- Generated by org.testng.reporters.JUnitReportReporter -->
<testsuite hostname="Arun-Ma" failures="0" tests="1" name="request_Parameters.Extract_headers_from_response" time="4.691" errors="0" timestamp="2022-02-02T22:44:08 IST" skipped="0">
  <testcase classname="request_Parameters.Extract_headers_from_response" name="Validating_Response_Header" time="4.691"/>
  <system-out/>
</testsuite> <!-- request_Parameters.Extract_headers_from_response -->
