<?xml version="1.0" encoding="UTF-8"?>
<!-- Generated by org.testng.reporters.JUnitReportReporter -->
<testsuite hostname="Arun-Ma" failures="0" tests="1" name="post_put_delete.POST_request_using_JSON" time="7.414" errors="0" timestamp="2022-02-08T21:35:13 IST" skipped="0">
  <testcase classname="post_put_delete.POST_request_using_JSON" name="Post_using_jason" time="7.414"/>
  <system-out/>
</testsuite> <!-- post_put_delete.POST_request_using_JSON -->
