<?xml version="1.0" encoding="UTF-8"?>
<!-- Generated by org.testng.reporters.JUnitReportReporter -->
<testsuite hostname="Arun-Ma" failures="0" tests="2" name="request_Parameters.Sending_Request_Headers" time="8.487" errors="0" timestamp="2022-02-02T21:30:47 IST" skipped="0">
  <testcase classname="request_Parameters.Sending_Request_Headers" name="Sending_Header_Object" time="6.368"/>
  <system-out/>
  <testcase classname="request_Parameters.Sending_Request_Headers" name="Sending_Header_Request" time="2.119"/>
  <system-out/>
</testsuite> <!-- request_Parameters.Sending_Request_Headers -->
