<?xml version="1.0" encoding="UTF-8"?>
<!-- Generated by org.testng.reporters.JUnitReportReporter -->
<testsuite hostname="Arun-Ma" failures="0" tests="1" name="request_Parameters.Form_Parameters" time="6.644" errors="0" timestamp="2022-02-02T20:43:01 IST" skipped="0">
  <testcase classname="request_Parameters.Form_Parameters" name="Form_Parameters" time="6.644"/>
  <system-out/>
</testsuite> <!-- request_Parameters.Form_Parameters -->
