<?xml version="1.0" encoding="UTF-8"?>
<!-- Generated by org.testng.reporters.JUnitReportReporter -->
<testsuite hostname="Arun-Ma" failures="0" tests="2" name="rest_Logging.Log_Body_or_Header" time="5.892" errors="0" timestamp="2022-02-02T12:48:34 IST" skipped="0">
  <testcase classname="rest_Logging.Log_Body_or_Header" name="Log_body" time="1.455"/>
  <system-out/>
  <testcase classname="rest_Logging.Log_Body_or_Header" name="Log_Header" time="4.437"/>
  <system-out/>
</testsuite> <!-- rest_Logging.Log_Body_or_Header -->
