<?xml version="1.0" encoding="UTF-8"?>
<!-- Generated by org.testng.reporters.JUnitReportReporter -->
<testsuite hostname="Arun-Ma" failures="0" tests="1" name="request_Parameters.Request_Parameters" time="9.230" errors="0" timestamp="2022-02-02T15:52:18 IST" skipped="0">
  <testcase classname="request_Parameters.Request_Parameters" name="Request_Parameters" time="9.230"/>
  <system-out/>
</testsuite> <!-- request_Parameters.Request_Parameters -->
