<?xml version="1.0" encoding="UTF-8"?>
<!-- Generated by org.testng.reporters.JUnitReportReporter -->
<testsuite hostname="Arun-Ma" failures="0" tests="1" name="post_put_delete.Post_parameter" time="4.828" errors="0" timestamp="2022-03-08T18:29:22 IST" skipped="0">
  <testcase classname="post_put_delete.Post_parameter" name="PUT_using_jason" time="4.828"/>
  <system-out/>
</testsuite> <!-- post_put_delete.Post_parameter -->
