<?xml version="1.0" encoding="UTF-8"?>
<!-- Generated by org.testng.reporters.JUnitReportReporter -->
<testsuite hostname="Arun-Ma" failures="0" tests="1" name="request_Parameters.Extract_Response_Cookie" time="5.218" errors="0" timestamp="2022-03-08T19:26:17 IST" skipped="0">
  <testcase classname="request_Parameters.Extract_Response_Cookie" name="Extract_Response_Cookie_demo" time="5.218"/>
  <system-out/>
</testsuite> <!-- request_Parameters.Extract_Response_Cookie -->
